<?xml version="1.0" encoding="UTF-8"?>
<beans xmlns="http://www.springframework.org/schema/beans"
	xmlns:xsi="http://www.w3.org/2001/XMLSchema-instance"
	xsi:schemaLocation="http://www.springframework.org/schema/beans 
						http://www.springframework.org/schema/beans/spring-beans-3.0.xsd">
	
	<bean class="org.springframework.beans.factory.config.PropertyPlaceholderConfigurer">
  		<property name="location">
   			<value>classpath:config/db/db.properties</value>
  		</property>
 	</bean>

	<bean id="dataSource" class="org.apache.commons.dbcp.BasicDataSource" destroy-method="close"> 
  		<property name="driverClassName" value="${driver}" /> 
  		<property name="url" value="${url}" /> 
  		<property name="username" value="${username}" /> 
  		<property name="password" value="${password}" /> 
	</bean>
	
	<bean id="userDao" class="springbook.user.dao.UserDaoJdbc">
		<property name="dataSource" ref="dataSource" />
	</bean> 
	
	<bean id="userService" class="springbook.user.service.UserServiceTx">  
		<property name="transactionManager" ref="transactionManager" />
		<property name="userService" ref="userServiceImpl" />  
	</bean>
	
	<bean id="userServiceImpl" class="springbook.user.service.UserServiceImpl">
		<property name="userDao" ref="userDao" />
		<property name="mailSender" ref="mailSender" />
	</bean>	


	<!-- 
	<bean id="mailSender" class="org.springframework.mail.javamail.JavaMailSenderImpl">
		<property name="host" value="mail.server.com" />
	</bean>
	 -->
	<bean id="mailSender" class="springbook.user.service.DummyMailSender" />
		
	
	<bean id="transactionManager" 
						class="org.springframework.jdbc.datasource.DataSourceTransactionManager">
		<property name="dataSource" ref="dataSource" />  
	</bean>
		
</beans>
