<?xml version="1.0" encoding="UTF-8"?>
<beans xmlns="http://www.springframework.org/schema/beans"
	xmlns:xsi="http://www.w3.org/2001/XMLSchema-instance"
	xmlns:aop="http://www.springframework.org/schema/aop"
	xsi:schemaLocation="http://www.springframework.org/schema/beans 
						http://www.springframework.org/schema/beans/spring-beans-3.0.xsd
						http://www.springframework.org/schema/aop 
						http://www.springframework.org/schema/aop/spring-aop-3.0.xsd">
	<bean class="org.springframework.beans.factory.config.PropertyPlaceholderConfigurer">
  		<property name="location">
   			<value>classpath:config/db/db.properties</value>
  		</property>
 	</bean>

	<bean id="dataSource" class="org.apache.commons.dbcp.BasicDataSource" destroy-method="close"> 
  		<property name="driverClassName" value="${driver}" /> 
  		<property name="url" value="${url}" /> 
  		<property name="username" value="${username}" /> 
  		<property name="password" value="${password}" /> 
	</bean>
	
	<bean id="transactionManager" 
						class="org.springframework.jdbc.datasource.DataSourceTransactionManager">
		<property name="dataSource" ref="dataSource" />  
	</bean>
	
	<!-- aop -->
	<aop:config>
		<aop:pointcut id="transactionPointcut" expression="execution(* *..*ServiceImpl.upgrade*(..))" />
		<aop:advisor advice-ref="transactionAdvicd" pointcut-ref="transactionPointcut"/>
	</aop:config>
	
	<bean class="org.springframework.aop.framework.autoproxy.DefaultAdvisorAutoProxyCreator" />
	
	<bean id="transactionAdvice" class="springbook.user.service.TransactionAdvice">
		<property name="transactionManager" ref="transactionManager" />
	</bean>
	
<!-- 	<bean id="transactionPointcut" class="org.springframework.aop.aspectj.AspectJExpressionPointcut"> -->
<!-- 		<property name="expression" value="execution(* *..*ServiceImpl.upgrade*(..))" /> -->
<!-- 	</bean> -->
	
	<bean id="transactionAdvisor" class="org.springframework.aop.support.DefaultPointcutAdvisor">
		<property name="advice" ref="transactionAdvice" />
		<property name="pointcut" ref="transactionPointcut" />
	</bean>
	
	<!--  application components -->
	<bean id="userDao" class="springbook.user.dao.UserDaoJdbc">
		<property name="dataSource" ref="dataSource" />
	</bean> 
	
	<bean id="userService" class="springbook.user.service.UserServiceImpl">
		<property name="userDao" ref="userDao" />
		<property name="mailSender" ref="mailSender" />
	</bean>
	
	<bean id="testUserService" class="springbook.user.service.UserServiceTest$TestUserServiceImpl" parent="userService" />
	
	<!-- 
	<bean id="mailSender" class="org.springframework.mail.javamail.JavaMailSenderImpl">
		<property name="host" value="mail.server.com" />
	</bean>
	 -->
	<bean id="mailSender" class="springbook.user.service.DummyMailSender" />
</beans>
